<?xml version="1.0" encoding="UTF-8"?>
<!-- Generated by org.testng.reporters.JUnitReportReporter -->
<testsuite hostname="DESKTOP-SGESGNG" failures="0" tests="1" name="Testcase.TC005_CheckTitleofAllMenu" time="0.000" errors="0" timestamp="2024-10-24T14:21:56 IST" skipped="1">
  <testcase classname="Testcase.TC005_CheckTitleofAllMenu" name="tc_04_CheckTitleOfAllMenu" time="0.000">
    <skipped/>
  </testcase> <!-- tc_04_CheckTitleOfAllMenu -->
  <system-out/>
</testsuite> <!-- Testcase.TC005_CheckTitleofAllMenu -->
