<?xml version="1.0" encoding="UTF-8"?>
<!-- Generated by org.testng.reporters.JUnitReportReporter -->
<testsuite hostname="DESKTOP-SGESGNG" failures="0" tests="1" name="Testcase.TS004_SignInFunction" time="0.000" errors="0" timestamp="2024-10-24T14:21:56 IST" skipped="1">
  <testcase classname="Testcase.TS004_SignInFunction" name="tc_03_SignInFunctionality" time="0.000">
    <skipped/>
  </testcase> <!-- tc_03_SignInFunctionality -->
  <system-out/>
</testsuite> <!-- Testcase.TS004_SignInFunction -->
